[GIN-debug] [WARNING] Creating an Engine instance with the Logger and Recovery middleware already attached.

[GIN-debug] [WARNING] Running in "debug" mode. Switch to "release" mode in production.
 - using env:	export GIN_MODE=release
 - using code:	gin.SetMode(gin.ReleaseMode)

[GIN-debug] POST   /api/auth/register        --> learn/controllers.Register (3 handlers)
[GIN-debug] POST   /api/auth/login           --> learn/controllers.Login (3 handlers)
[GIN-debug] POST   /api/products/            --> learn/controllers.CreateProduct (3 handlers)
[GIN-debug] GET    /api/products/            --> learn/controllers.GetProducts (3 handlers)
[GIN-debug] GET    /api/products/:id         --> learn/controllers.GetProductByID (3 handlers)
[GIN-debug] PUT    /api/products/:id         --> learn/controllers.UpdateProduct (3 handlers)
[GIN-debug] DELETE /api/products/:id         --> learn/controllers.DeleteProduct (3 handlers)
[GIN-debug] POST   /api/products/:id/restore --> learn/controllers.RestoreProduct (3 handlers)
[GIN-debug] [WARNING] You trusted all proxies, this is NOT safe. We recommend you to set a value.
Please check https://pkg.go.dev/github.com/gin-gonic/gin#readme-don-t-trust-all-proxies for details.
[GIN-debug] Listening and serving HTTP on :8080
[GIN] 2024/10/24 - 11:10:52 | 400 |      1.6645ms |             ::1 | POST     "/api/auth/login"
[GIN-debug] [WARNING] Creating an Engine instance with the Logger and Recovery middleware already attached.

[GIN-debug] [WARNING] Running in "debug" mode. Switch to "release" mode in production.
 - using env:	export GIN_MODE=release
 - using code:	gin.SetMode(gin.ReleaseMode)

[GIN-debug] POST   /api/auth/register        --> learn/controllers.Register (3 handlers)
[GIN-debug] POST   /api/auth/login           --> learn/controllers.Login (3 handlers)
[GIN-debug] POST   /api/products/            --> learn/controllers.CreateProduct (3 handlers)
[GIN-debug] GET    /api/products/            --> learn/controllers.GetProducts (3 handlers)
[GIN-debug] GET    /api/products/:id         --> learn/controllers.GetProductByID (3 handlers)
[GIN-debug] PUT    /api/products/:id         --> learn/controllers.UpdateProduct (3 handlers)
[GIN-debug] DELETE /api/products/:id         --> learn/controllers.DeleteProduct (3 handlers)
[GIN-debug] POST   /api/products/:id/restore --> learn/controllers.RestoreProduct (3 handlers)
[GIN-debug] [WARNING] You trusted all proxies, this is NOT safe. We recommend you to set a value.
Please check https://pkg.go.dev/github.com/gin-gonic/gin#readme-don-t-trust-all-proxies for details.
[GIN-debug] Listening and serving HTTP on :8080
2024/10/24 11:11:34 User not found
[GIN] 2024/10/24 - 11:11:34 | 400 |      1.2648ms |             ::1 | POST     "/api/auth/login"
[GIN-debug] [WARNING] Creating an Engine instance with the Logger and Recovery middleware already attached.

[GIN-debug] [WARNING] Running in "debug" mode. Switch to "release" mode in production.
 - using env:	export GIN_MODE=release
 - using code:	gin.SetMode(gin.ReleaseMode)

[GIN-debug] POST   /api/auth/register        --> learn/controllers.Register (3 handlers)
[GIN-debug] POST   /api/auth/login           --> learn/controllers.Login (3 handlers)
[GIN-debug] POST   /api/products/            --> learn/controllers.CreateProduct (3 handlers)
[GIN-debug] GET    /api/products/            --> learn/controllers.GetProducts (3 handlers)
[GIN-debug] GET    /api/products/:id         --> learn/controllers.GetProductByID (3 handlers)
[GIN-debug] PUT    /api/products/:id         --> learn/controllers.UpdateProduct (3 handlers)
[GIN-debug] DELETE /api/products/:id         --> learn/controllers.DeleteProduct (3 handlers)
[GIN-debug] POST   /api/products/:id/restore --> learn/controllers.RestoreProduct (3 handlers)
[GIN-debug] [WARNING] You trusted all proxies, this is NOT safe. We recommend you to set a value.
Please check https://pkg.go.dev/github.com/gin-gonic/gin#readme-don-t-trust-all-proxies for details.
[GIN-debug] Listening and serving HTTP on :8080
[GIN-debug] [WARNING] Creating an Engine instance with the Logger and Recovery middleware already attached.

[GIN-debug] [WARNING] Running in "debug" mode. Switch to "release" mode in production.
 - using env:	export GIN_MODE=release
 - using code:	gin.SetMode(gin.ReleaseMode)

[GIN-debug] POST   /api/auth/register        --> learn/controllers.Register (3 handlers)
[GIN-debug] POST   /api/auth/login           --> learn/controllers.Login (3 handlers)
[GIN-debug] POST   /api/products/            --> learn/controllers.CreateProduct (3 handlers)
[GIN-debug] GET    /api/products/            --> learn/controllers.GetProducts (3 handlers)
[GIN-debug] GET    /api/products/:id         --> learn/controllers.GetProductByID (3 handlers)
[GIN-debug] PUT    /api/products/:id         --> learn/controllers.UpdateProduct (3 handlers)
[GIN-debug] DELETE /api/products/:id         --> learn/controllers.DeleteProduct (3 handlers)
[GIN-debug] POST   /api/products/:id/restore --> learn/controllers.RestoreProduct (3 handlers)
[GIN-debug] [WARNING] You trusted all proxies, this is NOT safe. We recommend you to set a value.
Please check https://pkg.go.dev/github.com/gin-gonic/gin#readme-don-t-trust-all-proxies for details.
[GIN-debug] Listening and serving HTTP on :8080
[GIN] 2024/10/24 - 11:22:54 | 400 |      1.3777ms |             ::1 | POST     "/api/auth/login"
[GIN] 2024/10/24 - 11:22:58 | 400 |     47.7205ms |             ::1 | POST     "/api/auth/login"
[GIN-debug] [WARNING] Creating an Engine instance with the Logger and Recovery middleware already attached.

[GIN-debug] [WARNING] Running in "debug" mode. Switch to "release" mode in production.
 - using env:	export GIN_MODE=release
 - using code:	gin.SetMode(gin.ReleaseMode)

[GIN-debug] POST   /api/auth/register        --> learn/controllers.Register (3 handlers)
[GIN-debug] POST   /api/auth/login           --> learn/controllers.Login (3 handlers)
[GIN-debug] POST   /api/products/            --> learn/controllers.CreateProduct (3 handlers)
[GIN-debug] GET    /api/products/            --> learn/controllers.GetProducts (3 handlers)
[GIN-debug] GET    /api/products/:id         --> learn/controllers.GetProductByID (3 handlers)
[GIN-debug] PUT    /api/products/:id         --> learn/controllers.UpdateProduct (3 handlers)
[GIN-debug] DELETE /api/products/:id         --> learn/controllers.DeleteProduct (3 handlers)
[GIN-debug] POST   /api/products/:id/restore --> learn/controllers.RestoreProduct (3 handlers)
[GIN-debug] [WARNING] You trusted all proxies, this is NOT safe. We recommend you to set a value.
Please check https://pkg.go.dev/github.com/gin-gonic/gin#readme-don-t-trust-all-proxies for details.
[GIN-debug] Listening and serving HTTP on :8080
[GIN-debug] [WARNING] Creating an Engine instance with the Logger and Recovery middleware already attached.

[GIN-debug] [WARNING] Running in "debug" mode. Switch to "release" mode in production.
 - using env:	export GIN_MODE=release
 - using code:	gin.SetMode(gin.ReleaseMode)

[GIN-debug] POST   /api/auth/register        --> learn/controllers.Register (3 handlers)
[GIN-debug] POST   /api/auth/login           --> learn/controllers.Login (3 handlers)
[GIN-debug] POST   /api/products/            --> learn/controllers.CreateProduct (3 handlers)
[GIN-debug] GET    /api/products/            --> learn/controllers.GetProducts (3 handlers)
[GIN-debug] GET    /api/products/:id         --> learn/controllers.GetProductByID (3 handlers)
[GIN-debug] PUT    /api/products/:id         --> learn/controllers.UpdateProduct (3 handlers)
[GIN-debug] DELETE /api/products/:id         --> learn/controllers.DeleteProduct (3 handlers)
[GIN-debug] POST   /api/products/:id/restore --> learn/controllers.RestoreProduct (3 handlers)
[GIN-debug] [WARNING] You trusted all proxies, this is NOT safe. We recommend you to set a value.
Please check https://pkg.go.dev/github.com/gin-gonic/gin#readme-don-t-trust-all-proxies for details.
[GIN-debug] Listening and serving HTTP on :8080
[GIN-debug] [WARNING] Creating an Engine instance with the Logger and Recovery middleware already attached.

[GIN-debug] [WARNING] Running in "debug" mode. Switch to "release" mode in production.
 - using env:	export GIN_MODE=release
 - using code:	gin.SetMode(gin.ReleaseMode)

[GIN-debug] POST   /api/auth/register        --> learn/controllers.Register (3 handlers)
[GIN-debug] POST   /api/auth/login           --> learn/controllers.Login (3 handlers)
[GIN-debug] POST   /api/products/            --> learn/controllers.CreateProduct (3 handlers)
[GIN-debug] GET    /api/products/            --> learn/controllers.GetProducts (3 handlers)
[GIN-debug] GET    /api/products/:id         --> learn/controllers.GetProductByID (3 handlers)
[GIN-debug] PUT    /api/products/:id         --> learn/controllers.UpdateProduct (3 handlers)
[GIN-debug] DELETE /api/products/:id         --> learn/controllers.DeleteProduct (3 handlers)
[GIN-debug] POST   /api/products/:id/restore --> learn/controllers.RestoreProduct (3 handlers)
[GIN-debug] [WARNING] You trusted all proxies, this is NOT safe. We recommend you to set a value.
Please check https://pkg.go.dev/github.com/gin-gonic/gin#readme-don-t-trust-all-proxies for details.
[GIN-debug] Listening and serving HTTP on :8080
[GIN-debug] [WARNING] Creating an Engine instance with the Logger and Recovery middleware already attached.

[GIN-debug] [WARNING] Running in "debug" mode. Switch to "release" mode in production.
 - using env:	export GIN_MODE=release
 - using code:	gin.SetMode(gin.ReleaseMode)

[GIN-debug] POST   /api/auth/register        --> learn/controllers.Register (3 handlers)
[GIN-debug] POST   /api/auth/login           --> learn/controllers.Login (3 handlers)
[GIN-debug] POST   /api/products/            --> learn/controllers.CreateProduct (3 handlers)
[GIN-debug] GET    /api/products/            --> learn/controllers.GetProducts (3 handlers)
[GIN-debug] GET    /api/products/:id         --> learn/controllers.GetProductByID (3 handlers)
[GIN-debug] PUT    /api/products/:id         --> learn/controllers.UpdateProduct (3 handlers)
[GIN-debug] DELETE /api/products/:id         --> learn/controllers.DeleteProduct (3 handlers)
[GIN-debug] POST   /api/products/:id/restore --> learn/controllers.RestoreProduct (3 handlers)
[GIN-debug] [WARNING] You trusted all proxies, this is NOT safe. We recommend you to set a value.
Please check https://pkg.go.dev/github.com/gin-gonic/gin#readme-don-t-trust-all-proxies for details.
[GIN-debug] Listening and serving HTTP on :8080
[GIN-debug] [WARNING] Creating an Engine instance with the Logger and Recovery middleware already attached.

[GIN-debug] [WARNING] Running in "debug" mode. Switch to "release" mode in production.
 - using env:	export GIN_MODE=release
 - using code:	gin.SetMode(gin.ReleaseMode)

[GIN-debug] POST   /api/auth/register        --> learn/controllers.Register (3 handlers)
[GIN-debug] POST   /api/auth/login           --> learn/controllers.Login (3 handlers)
[GIN-debug] POST   /api/products/            --> learn/controllers.CreateProduct (3 handlers)
[GIN-debug] GET    /api/products/            --> learn/controllers.GetProducts (3 handlers)
[GIN-debug] GET    /api/products/:id         --> learn/controllers.GetProductByID (3 handlers)
[GIN-debug] PUT    /api/products/:id         --> learn/controllers.UpdateProduct (3 handlers)
[GIN-debug] DELETE /api/products/:id         --> learn/controllers.DeleteProduct (3 handlers)
[GIN-debug] POST   /api/products/:id/restore --> learn/controllers.RestoreProduct (3 handlers)
[GIN-debug] [WARNING] You trusted all proxies, this is NOT safe. We recommend you to set a value.
Please check https://pkg.go.dev/github.com/gin-gonic/gin#readme-don-t-trust-all-proxies for details.
[GIN-debug] Listening and serving HTTP on :8080
[GIN] 2024/10/24 - 11:51:21 | 400 |     49.6731ms |             ::1 | POST     "/api/auth/login"
[GIN] 2024/10/24 - 11:54:30 | 400 |      49.098ms |             ::1 | POST     "/api/auth/login"
[GIN-debug] [WARNING] Creating an Engine instance with the Logger and Recovery middleware already attached.

[GIN-debug] [WARNING] Running in "debug" mode. Switch to "release" mode in production.
 - using env:	export GIN_MODE=release
 - using code:	gin.SetMode(gin.ReleaseMode)

[GIN-debug] POST   /api/auth/register        --> learn/controllers.Register (3 handlers)
[GIN-debug] POST   /api/auth/login           --> learn/controllers.Login (3 handlers)
[GIN-debug] POST   /api/products/            --> learn/controllers.CreateProduct (3 handlers)
[GIN-debug] GET    /api/products/            --> learn/controllers.GetProducts (3 handlers)
[GIN-debug] GET    /api/products/:id         --> learn/controllers.GetProductByID (3 handlers)
[GIN-debug] PUT    /api/products/:id         --> learn/controllers.UpdateProduct (3 handlers)
[GIN-debug] DELETE /api/products/:id         --> learn/controllers.DeleteProduct (3 handlers)
[GIN-debug] POST   /api/products/:id/restore --> learn/controllers.RestoreProduct (3 handlers)
[GIN-debug] [WARNING] You trusted all proxies, this is NOT safe. We recommend you to set a value.
Please check https://pkg.go.dev/github.com/gin-gonic/gin#readme-don-t-trust-all-proxies for details.
[GIN-debug] Listening and serving HTTP on :8080
[GIN-debug] [WARNING] Creating an Engine instance with the Logger and Recovery middleware already attached.

[GIN-debug] [WARNING] Running in "debug" mode. Switch to "release" mode in production.
 - using env:	export GIN_MODE=release
 - using code:	gin.SetMode(gin.ReleaseMode)

[GIN-debug] POST   /api/auth/register        --> learn/controllers.Register (3 handlers)
[GIN-debug] POST   /api/auth/login           --> learn/controllers.Login (3 handlers)
[GIN-debug] POST   /api/products/            --> learn/controllers.CreateProduct (3 handlers)
[GIN-debug] GET    /api/products/            --> learn/controllers.GetProducts (3 handlers)
[GIN-debug] GET    /api/products/:id         --> learn/controllers.GetProductByID (3 handlers)
[GIN-debug] PUT    /api/products/:id         --> learn/controllers.UpdateProduct (3 handlers)
[GIN-debug] DELETE /api/products/:id         --> learn/controllers.DeleteProduct (3 handlers)
[GIN-debug] POST   /api/products/:id/restore --> learn/controllers.RestoreProduct (3 handlers)
[GIN-debug] [WARNING] You trusted all proxies, this is NOT safe. We recommend you to set a value.
Please check https://pkg.go.dev/github.com/gin-gonic/gin#readme-don-t-trust-all-proxies for details.
[GIN-debug] Listening and serving HTTP on :8080
[GIN] 2024/10/24 - 13:23:58 | 400 |     48.6767ms |             ::1 | POST     "/api/auth/login"
[GIN] 2024/10/24 - 13:27:14 | 200 |     54.6596ms |             ::1 | POST     "/api/auth/register"
[GIN] 2024/10/24 - 13:27:17 | 400 |     49.0632ms |             ::1 | POST     "/api/auth/login"
[GIN-debug] [WARNING] Creating an Engine instance with the Logger and Recovery middleware already attached.

[GIN-debug] [WARNING] Running in "debug" mode. Switch to "release" mode in production.
 - using env:	export GIN_MODE=release
 - using code:	gin.SetMode(gin.ReleaseMode)

[GIN-debug] POST   /api/auth/register        --> learn/controllers.Register (3 handlers)
[GIN-debug] POST   /api/auth/login           --> learn/controllers.Login (3 handlers)
[GIN-debug] POST   /api/products/            --> learn/controllers.CreateProduct (3 handlers)
[GIN-debug] GET    /api/products/            --> learn/controllers.GetProducts (3 handlers)
[GIN-debug] GET    /api/products/:id         --> learn/controllers.GetProductByID (3 handlers)
[GIN-debug] PUT    /api/products/:id         --> learn/controllers.UpdateProduct (3 handlers)
[GIN-debug] DELETE /api/products/:id         --> learn/controllers.DeleteProduct (3 handlers)
[GIN-debug] POST   /api/products/:id/restore --> learn/controllers.RestoreProduct (3 handlers)
[GIN-debug] [WARNING] You trusted all proxies, this is NOT safe. We recommend you to set a value.
Please check https://pkg.go.dev/github.com/gin-gonic/gin#readme-don-t-trust-all-proxies for details.
[GIN-debug] Listening and serving HTTP on :8080
[GIN] 2024/10/24 - 13:27:35 | 400 |     49.3442ms |             ::1 | POST     "/api/auth/login"
[GIN] 2024/10/24 - 13:29:19 | 200 |     64.5797ms |             ::1 | POST     "/api/auth/register"
[GIN] 2024/10/24 - 13:29:23 | 400 |     47.9971ms |             ::1 | POST     "/api/auth/login"
[GIN-debug] [WARNING] Creating an Engine instance with the Logger and Recovery middleware already attached.

[GIN-debug] [WARNING] Running in "debug" mode. Switch to "release" mode in production.
 - using env:	export GIN_MODE=release
 - using code:	gin.SetMode(gin.ReleaseMode)

[GIN-debug] POST   /api/auth/register        --> learn/controllers.Register (3 handlers)
[GIN-debug] POST   /api/auth/login           --> learn/controllers.Login (3 handlers)
[GIN-debug] POST   /api/products/            --> learn/controllers.CreateProduct (3 handlers)
[GIN-debug] GET    /api/products/            --> learn/controllers.GetProducts (3 handlers)
[GIN-debug] GET    /api/products/:id         --> learn/controllers.GetProductByID (3 handlers)
[GIN-debug] PUT    /api/products/:id         --> learn/controllers.UpdateProduct (3 handlers)
[GIN-debug] DELETE /api/products/:id         --> learn/controllers.DeleteProduct (3 handlers)
[GIN-debug] POST   /api/products/:id/restore --> learn/controllers.RestoreProduct (3 handlers)
[GIN-debug] [WARNING] You trusted all proxies, this is NOT safe. We recommend you to set a value.
Please check https://pkg.go.dev/github.com/gin-gonic/gin#readme-don-t-trust-all-proxies for details.
[GIN-debug] Listening and serving HTTP on :8080
[GIN-debug] [WARNING] Creating an Engine instance with the Logger and Recovery middleware already attached.

[GIN-debug] [WARNING] Running in "debug" mode. Switch to "release" mode in production.
 - using env:	export GIN_MODE=release
 - using code:	gin.SetMode(gin.ReleaseMode)

[GIN-debug] POST   /api/auth/register        --> learn/controllers.Register (3 handlers)
[GIN-debug] POST   /api/auth/login           --> learn/controllers.Login (3 handlers)
[GIN-debug] POST   /api/products/            --> learn/controllers.CreateProduct (3 handlers)
[GIN-debug] GET    /api/products/            --> learn/controllers.GetProducts (3 handlers)
[GIN-debug] GET    /api/products/:id         --> learn/controllers.GetProductByID (3 handlers)
[GIN-debug] PUT    /api/products/:id         --> learn/controllers.UpdateProduct (3 handlers)
[GIN-debug] DELETE /api/products/:id         --> learn/controllers.DeleteProduct (3 handlers)
[GIN-debug] POST   /api/products/:id/restore --> learn/controllers.RestoreProduct (3 handlers)
[GIN-debug] [WARNING] You trusted all proxies, this is NOT safe. We recommend you to set a value.
Please check https://pkg.go.dev/github.com/gin-gonic/gin#readme-don-t-trust-all-proxies for details.
[GIN-debug] Listening and serving HTTP on :8080
[GIN-debug] [WARNING] Creating an Engine instance with the Logger and Recovery middleware already attached.

[GIN-debug] [WARNING] Running in "debug" mode. Switch to "release" mode in production.
 - using env:	export GIN_MODE=release
 - using code:	gin.SetMode(gin.ReleaseMode)

[GIN-debug] POST   /api/auth/register        --> learn/controllers.Register (3 handlers)
[GIN-debug] POST   /api/auth/login           --> learn/controllers.Login (3 handlers)
[GIN-debug] POST   /api/products/            --> learn/controllers.CreateProduct (3 handlers)
[GIN-debug] GET    /api/products/            --> learn/controllers.GetProducts (3 handlers)
[GIN-debug] GET    /api/products/:id         --> learn/controllers.GetProductByID (3 handlers)
[GIN-debug] PUT    /api/products/:id         --> learn/controllers.UpdateProduct (3 handlers)
[GIN-debug] DELETE /api/products/:id         --> learn/controllers.DeleteProduct (3 handlers)
[GIN-debug] POST   /api/products/:id/restore --> learn/controllers.RestoreProduct (3 handlers)
[GIN-debug] [WARNING] You trusted all proxies, this is NOT safe. We recommend you to set a value.
Please check https://pkg.go.dev/github.com/gin-gonic/gin#readme-don-t-trust-all-proxies for details.
[GIN-debug] Listening and serving HTTP on :8080
[GIN] 2024/10/24 - 13:31:07 | 400 |     50.3596ms |             ::1 | POST     "/api/auth/login"
[GIN-debug] [WARNING] Creating an Engine instance with the Logger and Recovery middleware already attached.

[GIN-debug] [WARNING] Running in "debug" mode. Switch to "release" mode in production.
 - using env:	export GIN_MODE=release
 - using code:	gin.SetMode(gin.ReleaseMode)

[GIN-debug] POST   /api/auth/register        --> learn/controllers.Register (3 handlers)
[GIN-debug] POST   /api/auth/login           --> learn/controllers.Login (3 handlers)
[GIN-debug] POST   /api/products/            --> learn/controllers.CreateProduct (3 handlers)
[GIN-debug] GET    /api/products/            --> learn/controllers.GetProducts (3 handlers)
[GIN-debug] GET    /api/products/:id         --> learn/controllers.GetProductByID (3 handlers)
[GIN-debug] PUT    /api/products/:id         --> learn/controllers.UpdateProduct (3 handlers)
[GIN-debug] DELETE /api/products/:id         --> learn/controllers.DeleteProduct (3 handlers)
[GIN-debug] POST   /api/products/:id/restore --> learn/controllers.RestoreProduct (3 handlers)
[GIN-debug] [WARNING] You trusted all proxies, this is NOT safe. We recommend you to set a value.
Please check https://pkg.go.dev/github.com/gin-gonic/gin#readme-don-t-trust-all-proxies for details.
[GIN-debug] Listening and serving HTTP on :8080
[GIN] 2024/10/24 - 13:39:27 | 400 |     49.4294ms |             ::1 | POST     "/api/auth/login"
[GIN-debug] [WARNING] Creating an Engine instance with the Logger and Recovery middleware already attached.

[GIN-debug] [WARNING] Running in "debug" mode. Switch to "release" mode in production.
 - using env:	export GIN_MODE=release
 - using code:	gin.SetMode(gin.ReleaseMode)

[GIN-debug] POST   /api/auth/register        --> learn/controllers.Register (3 handlers)
[GIN-debug] POST   /api/auth/login           --> learn/controllers.Login (3 handlers)
[GIN-debug] POST   /api/products/            --> learn/controllers.CreateProduct (3 handlers)
[GIN-debug] GET    /api/products/            --> learn/controllers.GetProducts (3 handlers)
[GIN-debug] GET    /api/products/:id         --> learn/controllers.GetProductByID (3 handlers)
[GIN-debug] PUT    /api/products/:id         --> learn/controllers.UpdateProduct (3 handlers)
[GIN-debug] DELETE /api/products/:id         --> learn/controllers.DeleteProduct (3 handlers)
[GIN-debug] POST   /api/products/:id/restore --> learn/controllers.RestoreProduct (3 handlers)
[GIN-debug] [WARNING] You trusted all proxies, this is NOT safe. We recommend you to set a value.
Please check https://pkg.go.dev/github.com/gin-gonic/gin#readme-don-t-trust-all-proxies for details.
[GIN-debug] Listening and serving HTTP on :8080
[GIN] 2024/10/24 - 13:39:39 | 400 |       524.7µs |             ::1 | POST     "/api/auth/login"
[GIN-debug] [WARNING] Creating an Engine instance with the Logger and Recovery middleware already attached.

[GIN-debug] [WARNING] Running in "debug" mode. Switch to "release" mode in production.
 - using env:	export GIN_MODE=release
 - using code:	gin.SetMode(gin.ReleaseMode)

[GIN-debug] POST   /api/auth/register        --> learn/controllers.Register (3 handlers)
[GIN-debug] POST   /api/auth/login           --> learn/controllers.Login (3 handlers)
[GIN-debug] POST   /api/products/            --> learn/controllers.CreateProduct (3 handlers)
[GIN-debug] GET    /api/products/            --> learn/controllers.GetProducts (3 handlers)
[GIN-debug] GET    /api/products/:id         --> learn/controllers.GetProductByID (3 handlers)
[GIN-debug] PUT    /api/products/:id         --> learn/controllers.UpdateProduct (3 handlers)
[GIN-debug] DELETE /api/products/:id         --> learn/controllers.DeleteProduct (3 handlers)
[GIN-debug] POST   /api/products/:id/restore --> learn/controllers.RestoreProduct (3 handlers)
[GIN-debug] [WARNING] You trusted all proxies, this is NOT safe. We recommend you to set a value.
Please check https://pkg.go.dev/github.com/gin-gonic/gin#readme-don-t-trust-all-proxies for details.
[GIN-debug] Listening and serving HTTP on :8080
[GIN-debug] [WARNING] Creating an Engine instance with the Logger and Recovery middleware already attached.

[GIN-debug] [WARNING] Running in "debug" mode. Switch to "release" mode in production.
 - using env:	export GIN_MODE=release
 - using code:	gin.SetMode(gin.ReleaseMode)

[GIN-debug] POST   /api/auth/register        --> learn/controllers.Register (3 handlers)
[GIN-debug] POST   /api/auth/login           --> learn/controllers.Login (3 handlers)
[GIN-debug] POST   /api/products/            --> learn/controllers.CreateProduct (3 handlers)
[GIN-debug] GET    /api/products/            --> learn/controllers.GetProducts (3 handlers)
[GIN-debug] GET    /api/products/:id         --> learn/controllers.GetProductByID (3 handlers)
[GIN-debug] PUT    /api/products/:id         --> learn/controllers.UpdateProduct (3 handlers)
[GIN-debug] DELETE /api/products/:id         --> learn/controllers.DeleteProduct (3 handlers)
[GIN-debug] POST   /api/products/:id/restore --> learn/controllers.RestoreProduct (3 handlers)
[GIN-debug] [WARNING] You trusted all proxies, this is NOT safe. We recommend you to set a value.
Please check https://pkg.go.dev/github.com/gin-gonic/gin#readme-don-t-trust-all-proxies for details.
[GIN-debug] Listening and serving HTTP on :8080
[GIN] 2024/10/24 - 13:40:14 | 200 |     97.4997ms |             ::1 | POST     "/api/auth/login"
[GIN-debug] [WARNING] Creating an Engine instance with the Logger and Recovery middleware already attached.

[GIN-debug] [WARNING] Running in "debug" mode. Switch to "release" mode in production.
 - using env:	export GIN_MODE=release
 - using code:	gin.SetMode(gin.ReleaseMode)

[GIN-debug] POST   /api/auth/register        --> learn/controllers.Register (3 handlers)
[GIN-debug] POST   /api/auth/login           --> learn/controllers.Login (3 handlers)
[GIN-debug] POST   /api/products/            --> learn/controllers.CreateProduct (3 handlers)
[GIN-debug] GET    /api/products/            --> learn/controllers.GetProducts (3 handlers)
[GIN-debug] GET    /api/products/:id         --> learn/controllers.GetProductByID (3 handlers)
[GIN-debug] PUT    /api/products/:id         --> learn/controllers.UpdateProduct (3 handlers)
[GIN-debug] DELETE /api/products/:id         --> learn/controllers.DeleteProduct (3 handlers)
[GIN-debug] POST   /api/products/:id/restore --> learn/controllers.RestoreProduct (3 handlers)
[GIN-debug] [WARNING] You trusted all proxies, this is NOT safe. We recommend you to set a value.
Please check https://pkg.go.dev/github.com/gin-gonic/gin#readme-don-t-trust-all-proxies for details.
[GIN-debug] Listening and serving HTTP on :8080
[GIN] 2024/10/24 - 13:40:42 | 200 |     97.0562ms |             ::1 | POST     "/api/auth/login"
[GIN] 2024/10/24 - 13:40:43 | 200 |     97.5135ms |             ::1 | POST     "/api/auth/login"
[GIN] 2024/10/24 - 13:40:48 | 200 |     96.3462ms |             ::1 | POST     "/api/auth/login"
[GIN-debug] [WARNING] Creating an Engine instance with the Logger and Recovery middleware already attached.

[GIN-debug] [WARNING] Running in "debug" mode. Switch to "release" mode in production.
 - using env:	export GIN_MODE=release
 - using code:	gin.SetMode(gin.ReleaseMode)

[GIN-debug] POST   /api/auth/register        --> learn/controllers.Register (3 handlers)
[GIN-debug] POST   /api/auth/login           --> learn/controllers.Login (3 handlers)
[GIN-debug] POST   /api/products/            --> learn/controllers.CreateProduct (3 handlers)
[GIN-debug] GET    /api/products/            --> learn/controllers.GetProducts (3 handlers)
[GIN-debug] GET    /api/products/:id         --> learn/controllers.GetProductByID (3 handlers)
[GIN-debug] PUT    /api/products/:id         --> learn/controllers.UpdateProduct (3 handlers)
[GIN-debug] DELETE /api/products/:id         --> learn/controllers.DeleteProduct (3 handlers)
[GIN-debug] POST   /api/products/:id/restore --> learn/controllers.RestoreProduct (3 handlers)
[GIN-debug] [WARNING] You trusted all proxies, this is NOT safe. We recommend you to set a value.
Please check https://pkg.go.dev/github.com/gin-gonic/gin#readme-don-t-trust-all-proxies for details.
[GIN-debug] Listening and serving HTTP on :8080
[GIN] 2024/10/24 - 13:41:16 | 200 |     98.0273ms |             ::1 | POST     "/api/auth/login"
[GIN-debug] [WARNING] Creating an Engine instance with the Logger and Recovery middleware already attached.

[GIN-debug] [WARNING] Running in "debug" mode. Switch to "release" mode in production.
 - using env:	export GIN_MODE=release
 - using code:	gin.SetMode(gin.ReleaseMode)

[GIN-debug] POST   /api/auth/register        --> learn/controllers.Register (3 handlers)
[GIN-debug] POST   /api/auth/login           --> learn/controllers.Login (3 handlers)
[GIN-debug] POST   /api/products/            --> learn/controllers.CreateProduct (3 handlers)
[GIN-debug] GET    /api/products/            --> learn/controllers.GetProducts (3 handlers)
[GIN-debug] GET    /api/products/:id         --> learn/controllers.GetProductByID (3 handlers)
[GIN-debug] PUT    /api/products/:id         --> learn/controllers.UpdateProduct (3 handlers)
[GIN-debug] DELETE /api/products/:id         --> learn/controllers.DeleteProduct (3 handlers)
[GIN-debug] POST   /api/products/:id/restore --> learn/controllers.RestoreProduct (3 handlers)
[GIN-debug] [WARNING] You trusted all proxies, this is NOT safe. We recommend you to set a value.
Please check https://pkg.go.dev/github.com/gin-gonic/gin#readme-don-t-trust-all-proxies for details.
[GIN-debug] Listening and serving HTTP on :8080
[GIN-debug] [WARNING] Creating an Engine instance with the Logger and Recovery middleware already attached.

[GIN-debug] [WARNING] Running in "debug" mode. Switch to "release" mode in production.
 - using env:	export GIN_MODE=release
 - using code:	gin.SetMode(gin.ReleaseMode)

[GIN-debug] POST   /api/auth/register        --> learn/controllers.Register (3 handlers)
[GIN-debug] POST   /api/auth/login           --> learn/controllers.Login (3 handlers)
[GIN-debug] POST   /api/products/            --> learn/controllers.CreateProduct (3 handlers)
[GIN-debug] GET    /api/products/            --> learn/controllers.GetProducts (3 handlers)
[GIN-debug] GET    /api/products/:id         --> learn/controllers.GetProductByID (3 handlers)
[GIN-debug] PUT    /api/products/:id         --> learn/controllers.UpdateProduct (3 handlers)
[GIN-debug] DELETE /api/products/:id         --> learn/controllers.DeleteProduct (3 handlers)
[GIN-debug] POST   /api/products/:id/restore --> learn/controllers.RestoreProduct (3 handlers)
[GIN-debug] [WARNING] You trusted all proxies, this is NOT safe. We recommend you to set a value.
Please check https://pkg.go.dev/github.com/gin-gonic/gin#readme-don-t-trust-all-proxies for details.
[GIN-debug] Listening and serving HTTP on :8080
[GIN-debug] [WARNING] Creating an Engine instance with the Logger and Recovery middleware already attached.

[GIN-debug] [WARNING] Running in "debug" mode. Switch to "release" mode in production.
 - using env:	export GIN_MODE=release
 - using code:	gin.SetMode(gin.ReleaseMode)

[GIN-debug] POST   /api/auth/register        --> learn/controllers.Register (3 handlers)
[GIN-debug] POST   /api/auth/login           --> learn/controllers.Login (3 handlers)
[GIN-debug] POST   /api/products/            --> learn/controllers.CreateProduct (3 handlers)
[GIN-debug] GET    /api/products/            --> learn/controllers.GetProducts (3 handlers)
[GIN-debug] GET    /api/products/:id         --> learn/controllers.GetProductByID (3 handlers)
[GIN-debug] PUT    /api/products/:id         --> learn/controllers.UpdateProduct (3 handlers)
[GIN-debug] DELETE /api/products/:id         --> learn/controllers.DeleteProduct (3 handlers)
[GIN-debug] POST   /api/products/:id/restore --> learn/controllers.RestoreProduct (3 handlers)
[GIN-debug] [WARNING] You trusted all proxies, this is NOT safe. We recommend you to set a value.
Please check https://pkg.go.dev/github.com/gin-gonic/gin#readme-don-t-trust-all-proxies for details.
[GIN-debug] Listening and serving HTTP on :8080
[GIN] 2024/10/24 - 13:50:27 | 200 |     11.7205ms |             ::1 | POST     "/api/auth/register"
[GIN-debug] [WARNING] Creating an Engine instance with the Logger and Recovery middleware already attached.

[GIN-debug] [WARNING] Running in "debug" mode. Switch to "release" mode in production.
 - using env:	export GIN_MODE=release
 - using code:	gin.SetMode(gin.ReleaseMode)

[GIN-debug] POST   /api/auth/register        --> learn/controllers.Register (3 handlers)
[GIN-debug] POST   /api/auth/login           --> learn/controllers.Login (3 handlers)
[GIN-debug] POST   /api/products/            --> learn/controllers.CreateProduct (3 handlers)
[GIN-debug] GET    /api/products/            --> learn/controllers.GetProducts (3 handlers)
[GIN-debug] GET    /api/products/:id         --> learn/controllers.GetProductByID (3 handlers)
[GIN-debug] PUT    /api/products/:id         --> learn/controllers.UpdateProduct (3 handlers)
[GIN-debug] DELETE /api/products/:id         --> learn/controllers.DeleteProduct (3 handlers)
[GIN-debug] POST   /api/products/:id/restore --> learn/controllers.RestoreProduct (3 handlers)
[GIN-debug] [WARNING] You trusted all proxies, this is NOT safe. We recommend you to set a value.
Please check https://pkg.go.dev/github.com/gin-gonic/gin#readme-don-t-trust-all-proxies for details.
[GIN-debug] Listening and serving HTTP on :8080
[GIN] 2024/10/24 - 13:53:03 | 200 |      54.951ms |             ::1 | POST     "/api/auth/register"
[GIN] 2024/10/24 - 13:53:07 | 200 |     48.9617ms |             ::1 | POST     "/api/auth/login"
[GIN] 2024/10/24 - 13:53:11 | 400 |     47.8894ms |             ::1 | POST     "/api/auth/login"
[GIN] 2024/10/24 - 13:53:13 | 200 |     47.2939ms |             ::1 | POST     "/api/auth/login"
[GIN] 2024/10/24 - 13:54:01 | 200 |     50.1268ms |             ::1 | POST     "/api/auth/login"
[GIN-debug] [WARNING] Creating an Engine instance with the Logger and Recovery middleware already attached.

[GIN-debug] [WARNING] Running in "debug" mode. Switch to "release" mode in production.
 - using env:	export GIN_MODE=release
 - using code:	gin.SetMode(gin.ReleaseMode)

[GIN-debug] POST   /api/auth/register        --> learn/controllers.Register (3 handlers)
[GIN-debug] POST   /api/auth/login           --> learn/controllers.Login (3 handlers)
[GIN-debug] POST   /api/products/            --> learn/controllers.CreateProduct (3 handlers)
[GIN-debug] GET    /api/products/            --> learn/controllers.GetProducts (3 handlers)
[GIN-debug] GET    /api/products/:id         --> learn/controllers.GetProductByID (3 handlers)
[GIN-debug] PUT    /api/products/:id         --> learn/controllers.UpdateProduct (3 handlers)
[GIN-debug] DELETE /api/products/:id         --> learn/controllers.DeleteProduct (3 handlers)
[GIN-debug] POST   /api/products/:id/restore --> learn/controllers.RestoreProduct (3 handlers)
[GIN-debug] [WARNING] You trusted all proxies, this is NOT safe. We recommend you to set a value.
Please check https://pkg.go.dev/github.com/gin-gonic/gin#readme-don-t-trust-all-proxies for details.
[GIN-debug] Listening and serving HTTP on :8080
[GIN] 2024/10/24 - 13:54:09 | 200 |     50.3912ms |             ::1 | POST     "/api/auth/login"
[GIN] 2024/10/24 - 13:54:41 | 400 |       517.1µs |             ::1 | POST     "/api/auth/login"
[GIN] 2024/10/24 - 13:54:45 | 400 |     47.8235ms |             ::1 | POST     "/api/auth/login"
[GIN] 2024/10/24 - 13:54:48 | 200 |      49.209ms |             ::1 | POST     "/api/auth/login"
[GIN-debug] [WARNING] Creating an Engine instance with the Logger and Recovery middleware already attached.

[GIN-debug] [WARNING] Running in "debug" mode. Switch to "release" mode in production.
 - using env:	export GIN_MODE=release
 - using code:	gin.SetMode(gin.ReleaseMode)

[GIN-debug] POST   /api/auth/register        --> learn/controllers.Register (3 handlers)
[GIN-debug] POST   /api/auth/login           --> learn/controllers.Login (3 handlers)
[GIN-debug] POST   /api/products/            --> learn/controllers.CreateProduct (3 handlers)
[GIN-debug] GET    /api/products/            --> learn/controllers.GetProducts (3 handlers)
[GIN-debug] GET    /api/products/:id         --> learn/controllers.GetProductByID (3 handlers)
[GIN-debug] PUT    /api/products/:id         --> learn/controllers.UpdateProduct (3 handlers)
[GIN-debug] DELETE /api/products/:id         --> learn/controllers.DeleteProduct (3 handlers)
[GIN-debug] POST   /api/products/:id/restore --> learn/controllers.RestoreProduct (3 handlers)
[GIN-debug] [WARNING] You trusted all proxies, this is NOT safe. We recommend you to set a value.
Please check https://pkg.go.dev/github.com/gin-gonic/gin#readme-don-t-trust-all-proxies for details.
[GIN-debug] Listening and serving HTTP on :8080
[GIN-debug] [WARNING] Creating an Engine instance with the Logger and Recovery middleware already attached.

[GIN-debug] [WARNING] Running in "debug" mode. Switch to "release" mode in production.
 - using env:	export GIN_MODE=release
 - using code:	gin.SetMode(gin.ReleaseMode)

[GIN-debug] POST   /api/auth/register        --> learn/controllers.Register (3 handlers)
[GIN-debug] POST   /api/auth/login           --> learn/controllers.Login (3 handlers)
[GIN-debug] POST   /api/products/            --> learn/controllers.CreateProduct (3 handlers)
[GIN-debug] GET    /api/products/            --> learn/controllers.GetProducts (3 handlers)
[GIN-debug] GET    /api/products/:id         --> learn/controllers.GetProductByID (3 handlers)
[GIN-debug] PUT    /api/products/:id         --> learn/controllers.UpdateProduct (3 handlers)
[GIN-debug] DELETE /api/products/:id         --> learn/controllers.DeleteProduct (3 handlers)
[GIN-debug] POST   /api/products/:id/restore --> learn/controllers.RestoreProduct (3 handlers)
[GIN-debug] [WARNING] You trusted all proxies, this is NOT safe. We recommend you to set a value.
Please check https://pkg.go.dev/github.com/gin-gonic/gin#readme-don-t-trust-all-proxies for details.
[GIN-debug] Listening and serving HTTP on :8080
[GIN-debug] [WARNING] Creating an Engine instance with the Logger and Recovery middleware already attached.

[GIN-debug] [WARNING] Running in "debug" mode. Switch to "release" mode in production.
 - using env:	export GIN_MODE=release
 - using code:	gin.SetMode(gin.ReleaseMode)

[GIN-debug] POST   /api/auth/register        --> learn/controllers.Register (3 handlers)
[GIN-debug] POST   /api/auth/login           --> learn/controllers.Login (3 handlers)
[GIN-debug] POST   /api/products/            --> learn/controllers.CreateProduct (3 handlers)
[GIN-debug] GET    /api/products/            --> learn/controllers.GetProducts (3 handlers)
[GIN-debug] GET    /api/products/:id         --> learn/controllers.GetProductByID (3 handlers)
[GIN-debug] PUT    /api/products/:id         --> learn/controllers.UpdateProduct (3 handlers)
[GIN-debug] DELETE /api/products/:id         --> learn/controllers.DeleteProduct (3 handlers)
[GIN-debug] POST   /api/products/:id/restore --> learn/controllers.RestoreProduct (3 handlers)
[GIN-debug] [WARNING] You trusted all proxies, this is NOT safe. We recommend you to set a value.
Please check https://pkg.go.dev/github.com/gin-gonic/gin#readme-don-t-trust-all-proxies for details.
[GIN-debug] Listening and serving HTTP on :8080
[GIN-debug] [WARNING] Creating an Engine instance with the Logger and Recovery middleware already attached.

[GIN-debug] [WARNING] Running in "debug" mode. Switch to "release" mode in production.
 - using env:	export GIN_MODE=release
 - using code:	gin.SetMode(gin.ReleaseMode)

[GIN-debug] POST   /api/auth/register        --> learn/controllers.Register (3 handlers)
[GIN-debug] POST   /api/auth/login           --> learn/controllers.Login (3 handlers)
[GIN-debug] POST   /api/products/            --> learn/controllers.CreateProduct (3 handlers)
[GIN-debug] GET    /api/products/            --> learn/controllers.GetProducts (3 handlers)
[GIN-debug] GET    /api/products/:id         --> learn/controllers.GetProductByID (3 handlers)
[GIN-debug] PUT    /api/products/:id         --> learn/controllers.UpdateProduct (3 handlers)
[GIN-debug] DELETE /api/products/:id         --> learn/controllers.DeleteProduct (3 handlers)
[GIN-debug] POST   /api/products/:id/restore --> learn/controllers.RestoreProduct (3 handlers)
[GIN-debug] [WARNING] You trusted all proxies, this is NOT safe. We recommend you to set a value.
Please check https://pkg.go.dev/github.com/gin-gonic/gin#readme-don-t-trust-all-proxies for details.
[GIN-debug] Listening and serving HTTP on :8080
[GIN-debug] [WARNING] Creating an Engine instance with the Logger and Recovery middleware already attached.

[GIN-debug] [WARNING] Running in "debug" mode. Switch to "release" mode in production.
 - using env:	export GIN_MODE=release
 - using code:	gin.SetMode(gin.ReleaseMode)

[GIN-debug] POST   /api/auth/register        --> learn/controllers.Register (3 handlers)
[GIN-debug] POST   /api/auth/login           --> learn/controllers.Login (3 handlers)
[GIN-debug] POST   /api/products/            --> learn/controllers.CreateProduct (3 handlers)
[GIN-debug] GET    /api/products/            --> learn/controllers.GetProducts (3 handlers)
[GIN-debug] GET    /api/products/:id         --> learn/controllers.GetProductByID (3 handlers)
[GIN-debug] PUT    /api/products/:id         --> learn/controllers.UpdateProduct (3 handlers)
[GIN-debug] DELETE /api/products/:id         --> learn/controllers.DeleteProduct (3 handlers)
[GIN-debug] POST   /api/products/:id/restore --> learn/controllers.RestoreProduct (3 handlers)
[GIN-debug] [WARNING] You trusted all proxies, this is NOT safe. We recommend you to set a value.
Please check https://pkg.go.dev/github.com/gin-gonic/gin#readme-don-t-trust-all-proxies for details.
[GIN-debug] Listening and serving HTTP on :8080
[GIN-debug] [WARNING] Creating an Engine instance with the Logger and Recovery middleware already attached.

[GIN-debug] [WARNING] Running in "debug" mode. Switch to "release" mode in production.
 - using env:	export GIN_MODE=release
 - using code:	gin.SetMode(gin.ReleaseMode)

[GIN-debug] POST   /api/auth/register        --> learn/controllers.Register (3 handlers)
[GIN-debug] POST   /api/auth/login           --> learn/controllers.Login (3 handlers)
[GIN-debug] POST   /api/products/            --> learn/controllers.CreateProduct (3 handlers)
[GIN-debug] GET    /api/products/            --> learn/controllers.GetProducts (3 handlers)
[GIN-debug] GET    /api/products/:id         --> learn/controllers.GetProductByID (3 handlers)
[GIN-debug] PUT    /api/products/:id         --> learn/controllers.UpdateProduct (3 handlers)
[GIN-debug] DELETE /api/products/:id         --> learn/controllers.DeleteProduct (3 handlers)
[GIN-debug] POST   /api/products/:id/restore --> learn/controllers.RestoreProduct (3 handlers)
[GIN-debug] [WARNING] You trusted all proxies, this is NOT safe. We recommend you to set a value.
Please check https://pkg.go.dev/github.com/gin-gonic/gin#readme-don-t-trust-all-proxies for details.
[GIN-debug] Listening and serving HTTP on :8080
[GIN] 2024/10/24 - 14:04:26 | 200 |      52.088ms |             ::1 | POST     "/api/auth/login"
[GIN-debug] [WARNING] Creating an Engine instance with the Logger and Recovery middleware already attached.

[GIN-debug] [WARNING] Running in "debug" mode. Switch to "release" mode in production.
 - using env:	export GIN_MODE=release
 - using code:	gin.SetMode(gin.ReleaseMode)

[GIN-debug] POST   /api/auth/register        --> learn/controllers.Register (3 handlers)
[GIN-debug] POST   /api/auth/login           --> learn/controllers.Login (3 handlers)
[GIN-debug] POST   /api/products/            --> learn/controllers.CreateProduct (3 handlers)
[GIN-debug] GET    /api/products/            --> learn/controllers.GetProducts (3 handlers)
[GIN-debug] GET    /api/products/:id         --> learn/controllers.GetProductByID (3 handlers)
[GIN-debug] PUT    /api/products/:id         --> learn/controllers.UpdateProduct (3 handlers)
[GIN-debug] DELETE /api/products/:id         --> learn/controllers.DeleteProduct (3 handlers)
[GIN-debug] POST   /api/products/:id/restore --> learn/controllers.RestoreProduct (3 handlers)
[GIN-debug] [WARNING] You trusted all proxies, this is NOT safe. We recommend you to set a value.
Please check https://pkg.go.dev/github.com/gin-gonic/gin#readme-don-t-trust-all-proxies for details.
[GIN-debug] Listening and serving HTTP on :8080
[GIN-debug] [WARNING] Creating an Engine instance with the Logger and Recovery middleware already attached.

[GIN-debug] [WARNING] Running in "debug" mode. Switch to "release" mode in production.
 - using env:	export GIN_MODE=release
 - using code:	gin.SetMode(gin.ReleaseMode)

[GIN-debug] POST   /api/auth/register        --> learn/controllers.Register (3 handlers)
[GIN-debug] POST   /api/auth/login           --> learn/controllers.Login (3 handlers)
[GIN-debug] POST   /api/products/            --> learn/controllers.CreateProduct (3 handlers)
[GIN-debug] GET    /api/products/            --> learn/controllers.GetProducts (3 handlers)
[GIN-debug] GET    /api/products/:id         --> learn/controllers.GetProductByID (3 handlers)
[GIN-debug] PUT    /api/products/:id         --> learn/controllers.UpdateProduct (3 handlers)
[GIN-debug] DELETE /api/products/:id         --> learn/controllers.DeleteProduct (3 handlers)
[GIN-debug] POST   /api/products/:id/restore --> learn/controllers.RestoreProduct (3 handlers)
[GIN-debug] [WARNING] You trusted all proxies, this is NOT safe. We recommend you to set a value.
Please check https://pkg.go.dev/github.com/gin-gonic/gin#readme-don-t-trust-all-proxies for details.
[GIN-debug] Listening and serving HTTP on :8080
[GIN-debug] [WARNING] Creating an Engine instance with the Logger and Recovery middleware already attached.

[GIN-debug] [WARNING] Running in "debug" mode. Switch to "release" mode in production.
 - using env:	export GIN_MODE=release
 - using code:	gin.SetMode(gin.ReleaseMode)

[GIN-debug] POST   /api/auth/register        --> learn/controllers.Register (3 handlers)
[GIN-debug] POST   /api/auth/login           --> learn/controllers.Login (3 handlers)
[GIN-debug] POST   /api/products/            --> learn/controllers.CreateProduct (3 handlers)
[GIN-debug] GET    /api/products/            --> learn/controllers.GetProducts (3 handlers)
[GIN-debug] GET    /api/products/:id         --> learn/controllers.GetProductByID (3 handlers)
[GIN-debug] PUT    /api/products/:id         --> learn/controllers.UpdateProduct (3 handlers)
[GIN-debug] DELETE /api/products/:id         --> learn/controllers.DeleteProduct (3 handlers)
[GIN-debug] POST   /api/products/:id/restore --> learn/controllers.RestoreProduct (3 handlers)
[GIN-debug] [WARNING] You trusted all proxies, this is NOT safe. We recommend you to set a value.
Please check https://pkg.go.dev/github.com/gin-gonic/gin#readme-don-t-trust-all-proxies for details.
[GIN-debug] Listening and serving HTTP on :8080
[GIN] 2024/10/24 - 14:04:52 | 200 |      49.873ms |             ::1 | POST     "/api/auth/login"
[GIN] 2024/10/24 - 14:04:54 | 200 |     48.3481ms |             ::1 | POST     "/api/auth/login"
[GIN] 2024/10/24 - 14:04:58 | 400 |            0s |             ::1 | POST     "/api/auth/register"
